2023-12-14 22:21:58,764 [Worker-4: Loading available Gradle versions] INFO  o.e.b.c.i.u.g.PublishedGradleVersions - Gradle version information cache is out-of-date. Trying to update.
2023-12-14 22:21:59,778 [ForkJoinPool.commonPool-worker-1] INFO  o.s.s.s.o.s.c.s.PostProcessorRegistrationDelegate$BeanPostProcessorChecker - Bean 'sonarLintSpringAppConfig' of type [org.sonarsource.sonarlint.core.spring.SonarLintSpringAppConfig$$EnhancerBySpringCGLIB$$fd3761df] is not eligible for getting processed by all BeanPostProcessors (for example: not eligible for auto-proxying)
2023-12-14 22:21:59,863 [ForkJoinPool.commonPool-worker-1] INFO  o.s.s.s.o.s.c.s.PostProcessorRegistrationDelegate$BeanPostProcessorChecker - Bean 'provideClientEventBus' of type [com.google.common.eventbus.AsyncEventBus] is not eligible for getting processed by all BeanPostProcessors (for example: not eligible for auto-proxying)
2023-12-14 22:22:01,139 [ForkJoinPool.commonPool-worker-1] INFO  jetbrains.exodus.io.FileDataWriter - Interruptible file channel will be used
java.lang.reflect.InaccessibleObjectException: Unable to make public void sun.nio.ch.FileChannelImpl.setUninterruptible() accessible: module java.base does not "exports sun.nio.ch" to unnamed module @4661fe2
	at java.base/java.lang.reflect.AccessibleObject.checkCanSetAccessible(AccessibleObject.java:354)
	at java.base/java.lang.reflect.AccessibleObject.checkCanSetAccessible(AccessibleObject.java:297)
	at java.base/java.lang.reflect.Method.checkCanSetAccessible(Method.java:199)
	at java.base/java.lang.reflect.Method.setAccessible(Method.java:193)
	at jetbrains.exodus.io.FileDataWriter$Companion$setUninterruptibleMethod$1.invoke(FileDataWriter.kt:188)
	at jetbrains.exodus.io.FileDataWriter$Companion$setUninterruptibleMethod$1.invoke(FileDataWriter.kt:185)
	at jetbrains.exodus.util.UnsafeHolder.doPrivileged$lambda-0(UnsafeHolder.kt:30)
	at java.base/java.security.AccessController.doPrivileged(AccessController.java:569)
	at jetbrains.exodus.util.UnsafeHolder.doPrivileged(UnsafeHolder.kt:29)
	at jetbrains.exodus.io.FileDataWriter.<clinit>(FileDataWriter.kt:185)
	at jetbrains.exodus.io.FileDataReaderWriterProvider.newFileDataWriter(FileDataReaderWriterProvider.kt:48)
	at jetbrains.exodus.io.FileDataReaderWriterProvider.newReaderWriter(FileDataReaderWriterProvider.kt:30)
	at jetbrains.exodus.log.LogConfig.createReaderWriter(LogConfig.java:359)
	at jetbrains.exodus.log.LogConfig.getReader(LogConfig.java:125)
	at jetbrains.exodus.log.Log.<init>(Log.kt:52)
	at jetbrains.exodus.env.Environments.newLogInstance(Environments.kt:117)
	at jetbrains.exodus.env.Environments.newLogInstance(Environments.kt:81)
	at jetbrains.exodus.env.Environments.newLogInstance(Environments.kt:77)
	at jetbrains.exodus.env.Environments$newInstance$4.invoke(Environments.kt:46)
	at jetbrains.exodus.env.Environments$newInstance$4.invoke(Environments.kt:46)
	at jetbrains.exodus.env.Environments.prepare(Environments.kt:120)
	at jetbrains.exodus.env.Environments.newInstance(Environments.kt:46)
	at org.sonarsource.sonarlint.core.local.only.XodusLocalOnlyIssueStore.buildEntityStore(XodusLocalOnlyIssueStore.java:201)
	at org.sonarsource.sonarlint.core.local.only.XodusLocalOnlyIssueStore.<init>(XodusLocalOnlyIssueStore.java:94)
	at org.sonarsource.sonarlint.core.local.only.LocalOnlyIssueStorageService.get(LocalOnlyIssueStorageService.java:49)
	at org.sonarsource.sonarlint.core.local.only.LocalOnlyIssueStorageService.purgeOldIssues(LocalOnlyIssueStorageService.java:43)
	at java.base/jdk.internal.reflect.NativeMethodAccessorImpl.invoke0(Native Method)
	at java.base/jdk.internal.reflect.NativeMethodAccessorImpl.invoke(NativeMethodAccessorImpl.java:77)
	at java.base/jdk.internal.reflect.DelegatingMethodAccessorImpl.invoke(DelegatingMethodAccessorImpl.java:43)
	at java.base/java.lang.reflect.Method.invoke(Method.java:568)
	at org.sonarsource.sonarlint.shaded.org.springframework.beans.factory.annotation.InitDestroyAnnotationBeanPostProcessor$LifecycleElement.invoke(InitDestroyAnnotationBeanPostProcessor.java:389)
	at org.sonarsource.sonarlint.shaded.org.springframework.beans.factory.annotation.InitDestroyAnnotationBeanPostProcessor$LifecycleMetadata.invokeInitMethods(InitDestroyAnnotationBeanPostProcessor.java:333)
	at org.sonarsource.sonarlint.shaded.org.springframework.beans.factory.annotation.InitDestroyAnnotationBeanPostProcessor.postProcessBeforeInitialization(InitDestroyAnnotationBeanPostProcessor.java:157)
	at org.sonarsource.sonarlint.shaded.org.springframework.beans.factory.support.AbstractAutowireCapableBeanFactory.applyBeanPostProcessorsBeforeInitialization(AbstractAutowireCapableBeanFactory.java:440)
	at org.sonarsource.sonarlint.shaded.org.springframework.beans.factory.support.AbstractAutowireCapableBeanFactory.initializeBean(AbstractAutowireCapableBeanFactory.java:1796)
	at org.sonarsource.sonarlint.shaded.org.springframework.beans.factory.support.AbstractAutowireCapableBeanFactory.doCreateBean(AbstractAutowireCapableBeanFactory.java:620)
	at org.sonarsource.sonarlint.shaded.org.springframework.beans.factory.support.AbstractAutowireCapableBeanFactory.createBean(AbstractAutowireCapableBeanFactory.java:542)
	at org.sonarsource.sonarlint.shaded.org.springframework.beans.factory.support.AbstractBeanFactory.lambda$doGetBean$0(AbstractBeanFactory.java:335)
	at org.sonarsource.sonarlint.shaded.org.springframework.beans.factory.support.DefaultSingletonBeanRegistry.getSingleton(DefaultSingletonBeanRegistry.java:234)
	at org.sonarsource.sonarlint.shaded.org.springframework.beans.factory.support.AbstractBeanFactory.doGetBean(AbstractBeanFactory.java:333)
	at org.sonarsource.sonarlint.shaded.org.springframework.beans.factory.support.AbstractBeanFactory.getBean(AbstractBeanFactory.java:208)
	at org.sonarsource.sonarlint.shaded.org.springframework.beans.factory.config.DependencyDescriptor.resolveCandidate(DependencyDescriptor.java:276)
	at org.sonarsource.sonarlint.shaded.org.springframework.beans.factory.support.DefaultListableBeanFactory.doResolveDependency(DefaultListableBeanFactory.java:1391)
	at org.sonarsource.sonarlint.shaded.org.springframework.beans.factory.support.DefaultListableBeanFactory.resolveDependency(DefaultListableBeanFactory.java:1311)
	at org.sonarsource.sonarlint.shaded.org.springframework.beans.factory.support.ConstructorResolver.resolveAutowiredArgument(ConstructorResolver.java:887)
	at org.sonarsource.sonarlint.shaded.org.springframework.beans.factory.support.ConstructorResolver.createArgumentArray(ConstructorResolver.java:791)
	at org.sonarsource.sonarlint.shaded.org.springframework.beans.factory.support.ConstructorResolver.autowireConstructor(ConstructorResolver.java:229)
	at org.sonarsource.sonarlint.shaded.org.springframework.beans.factory.support.AbstractAutowireCapableBeanFactory.autowireConstructor(AbstractAutowireCapableBeanFactory.java:1372)
	at org.sonarsource.sonarlint.shaded.org.springframework.beans.factory.support.AbstractAutowireCapableBeanFactory.createBeanInstance(AbstractAutowireCapableBeanFactory.java:1222)
	at org.sonarsource.sonarlint.shaded.org.springframework.beans.factory.support.AbstractAutowireCapableBeanFactory.doCreateBean(AbstractAutowireCapableBeanFactory.java:582)
	at org.sonarsource.sonarlint.shaded.org.springframework.beans.factory.support.AbstractAutowireCapableBeanFactory.createBean(AbstractAutowireCapableBeanFactory.java:542)
	at org.sonarsource.sonarlint.shaded.org.springframework.beans.factory.support.AbstractBeanFactory.lambda$doGetBean$0(AbstractBeanFactory.java:335)
	at org.sonarsource.sonarlint.shaded.org.springframework.beans.factory.support.DefaultSingletonBeanRegistry.getSingleton(DefaultSingletonBeanRegistry.java:234)
	at org.sonarsource.sonarlint.shaded.org.springframework.beans.factory.support.AbstractBeanFactory.doGetBean(AbstractBeanFactory.java:333)
	at org.sonarsource.sonarlint.shaded.org.springframework.beans.factory.support.AbstractBeanFactory.getBean(AbstractBeanFactory.java:208)
	at org.sonarsource.sonarlint.shaded.org.springframework.beans.factory.support.DefaultListableBeanFactory.preInstantiateSingletons(DefaultListableBeanFactory.java:955)
	at org.sonarsource.sonarlint.shaded.org.springframework.context.support.AbstractApplicationContext.finishBeanFactoryInitialization(AbstractApplicationContext.java:920)
	at org.sonarsource.sonarlint.shaded.org.springframework.context.support.AbstractApplicationContext.refresh(AbstractApplicationContext.java:583)
	at org.sonarsource.sonarlint.core.SonarLintBackendImpl.lambda$initialize$2(SonarLintBackendImpl.java:63)
	at java.base/java.util.concurrent.CompletableFuture$AsyncRun.run(CompletableFuture.java:1804)
	at java.base/java.util.concurrent.CompletableFuture$AsyncRun.exec(CompletableFuture.java:1796)
	at java.base/java.util.concurrent.ForkJoinTask.doExec(ForkJoinTask.java:373)
	at java.base/java.util.concurrent.ForkJoinPool$WorkQueue.topLevelExec(ForkJoinPool.java:1182)
	at java.base/java.util.concurrent.ForkJoinPool.scan(ForkJoinPool.java:1655)
	at java.base/java.util.concurrent.ForkJoinPool.runWorker(ForkJoinPool.java:1622)
	at java.base/java.util.concurrent.ForkJoinWorkerThread.run(ForkJoinWorkerThread.java:165)
2023-12-14 22:22:01,140 [ForkJoinPool.commonPool-worker-1] WARN  jetbrains.exodus.io.FileDataWriter - Can't open directory channel. Log directory fsync won't be performed.
2023-12-14 22:22:01,363 [ForkJoinPool.commonPool-worker-1] INFO  j.exodus.env.EnvironmentImpl - Exodus environment created: C:\Users\BPEMMASA\.sonarlint\xodus-local-only-issue-store15352473798948005544
2023-12-14 22:22:27,302 [Worker-6: Importing Maven projects] INFO  o.e.m.c.i.l.LifecycleMappingFactory - Using org.eclipse.m2e.jdt.JarLifecycleMapping lifecycle mapping for MavenProject: com.film:FilmRentalService:0.0.1-SNAPSHOT @ C:\Users\BPEMMASA\Desktop\TotalMySakilaProject\SakilaBackend\sakila\pom.xml.
2023-12-14 22:22:29,805 [Worker-6: Importing Maven projects] INFO  o.e.m.j.i.AbstractJavaProjectConfigurator - Adding source folder /sakila/src/main/java
2023-12-14 22:22:29,807 [Worker-6: Importing Maven projects] INFO  o.e.m.j.i.AbstractJavaProjectConfigurator - Adding resource folder /sakila/src/main/resources
2023-12-14 22:22:29,808 [Worker-6: Importing Maven projects] INFO  o.e.m.j.i.AbstractJavaProjectConfigurator - Adding resource folder /sakila/src/main/resources
2023-12-14 22:22:29,811 [Worker-6: Importing Maven projects] INFO  o.e.m.j.i.AbstractJavaProjectConfigurator - Adding source folder /sakila/src/test/java
2023-12-14 22:22:30,534 [Worker-6: Importing Maven projects] INFO  o.e.m.c.i.p.ProjectConfigurationManager - Imported and configured 1 project(s) in 9 sec
2023-12-14 22:22:33,526 [Worker-2: Building] INFO  o.a.m.s.f.DefaultMavenResourcesFiltering - Copying 1 resource from src\main\resources to target\classes
2023-12-14 22:22:33,566 [Worker-2: Building] INFO  o.a.m.s.f.DefaultMavenResourcesFiltering - Copying 0 resource from src\main\resources to target\classes
2023-12-14 22:22:33,575 [Worker-2: Building] INFO  o.a.m.s.f.DefaultMavenResourcesFiltering - skip non existing resourceDirectory C:\Users\BPEMMASA\Desktop\TotalMySakilaProject\SakilaBackend\sakila\src\test\resources
2023-12-15 12:40:35,175 [ForkJoinPool.commonPool-worker-4] INFO  j.exodus.util.CompressBackupUtil - Backup file "local_only_issue_backup2023-12-15-12-40-35.tar.gz" created.
2023-12-15 12:45:52,041 [Worker-4: Loading available Gradle versions] INFO  o.e.b.c.i.u.g.PublishedGradleVersions - Gradle version information cache is up-to-date. Trying to read.
2023-12-15 12:45:53,276 [ForkJoinPool.commonPool-worker-1] INFO  o.s.s.s.o.s.c.s.PostProcessorRegistrationDelegate$BeanPostProcessorChecker - Bean 'sonarLintSpringAppConfig' of type [org.sonarsource.sonarlint.core.spring.SonarLintSpringAppConfig$$EnhancerBySpringCGLIB$$cc091e32] is not eligible for getting processed by all BeanPostProcessors (for example: not eligible for auto-proxying)
2023-12-15 12:45:53,371 [ForkJoinPool.commonPool-worker-1] INFO  o.s.s.s.o.s.c.s.PostProcessorRegistrationDelegate$BeanPostProcessorChecker - Bean 'provideClientEventBus' of type [com.google.common.eventbus.AsyncEventBus] is not eligible for getting processed by all BeanPostProcessors (for example: not eligible for auto-proxying)
2023-12-15 12:46:27,024 [ForkJoinPool.commonPool-worker-1] INFO  jetbrains.exodus.io.FileDataWriter - Interruptible file channel will be used
java.lang.reflect.InaccessibleObjectException: Unable to make public void sun.nio.ch.FileChannelImpl.setUninterruptible() accessible: module java.base does not "exports sun.nio.ch" to unnamed module @3df391ab
	at java.base/java.lang.reflect.AccessibleObject.checkCanSetAccessible(AccessibleObject.java:354)
	at java.base/java.lang.reflect.AccessibleObject.checkCanSetAccessible(AccessibleObject.java:297)
	at java.base/java.lang.reflect.Method.checkCanSetAccessible(Method.java:199)
	at java.base/java.lang.reflect.Method.setAccessible(Method.java:193)
	at jetbrains.exodus.io.FileDataWriter$Companion$setUninterruptibleMethod$1.invoke(FileDataWriter.kt:188)
	at jetbrains.exodus.io.FileDataWriter$Companion$setUninterruptibleMethod$1.invoke(FileDataWriter.kt:185)
	at jetbrains.exodus.util.UnsafeHolder.doPrivileged$lambda-0(UnsafeHolder.kt:30)
	at java.base/java.security.AccessController.doPrivileged(AccessController.java:569)
	at jetbrains.exodus.util.UnsafeHolder.doPrivileged(UnsafeHolder.kt:29)
	at jetbrains.exodus.io.FileDataWriter.<clinit>(FileDataWriter.kt:185)
	at jetbrains.exodus.io.FileDataReaderWriterProvider.newFileDataWriter(FileDataReaderWriterProvider.kt:48)
	at jetbrains.exodus.io.FileDataReaderWriterProvider.newReaderWriter(FileDataReaderWriterProvider.kt:30)
	at jetbrains.exodus.log.LogConfig.createReaderWriter(LogConfig.java:359)
	at jetbrains.exodus.log.LogConfig.getReader(LogConfig.java:125)
	at jetbrains.exodus.log.Log.<init>(Log.kt:52)
	at jetbrains.exodus.env.Environments.newLogInstance(Environments.kt:117)
	at jetbrains.exodus.env.Environments.newLogInstance(Environments.kt:81)
	at jetbrains.exodus.env.Environments.newLogInstance(Environments.kt:77)
	at jetbrains.exodus.env.Environments$newInstance$4.invoke(Environments.kt:46)
	at jetbrains.exodus.env.Environments$newInstance$4.invoke(Environments.kt:46)
	at jetbrains.exodus.env.Environments.prepare(Environments.kt:120)
	at jetbrains.exodus.env.Environments.newInstance(Environments.kt:46)
	at org.sonarsource.sonarlint.core.local.only.XodusLocalOnlyIssueStore.buildEntityStore(XodusLocalOnlyIssueStore.java:201)
	at org.sonarsource.sonarlint.core.local.only.XodusLocalOnlyIssueStore.<init>(XodusLocalOnlyIssueStore.java:94)
	at org.sonarsource.sonarlint.core.local.only.LocalOnlyIssueStorageService.get(LocalOnlyIssueStorageService.java:49)
	at org.sonarsource.sonarlint.core.local.only.LocalOnlyIssueStorageService.purgeOldIssues(LocalOnlyIssueStorageService.java:43)
	at java.base/jdk.internal.reflect.NativeMethodAccessorImpl.invoke0(Native Method)
	at java.base/jdk.internal.reflect.NativeMethodAccessorImpl.invoke(NativeMethodAccessorImpl.java:77)
	at java.base/jdk.internal.reflect.DelegatingMethodAccessorImpl.invoke(DelegatingMethodAccessorImpl.java:43)
	at java.base/java.lang.reflect.Method.invoke(Method.java:568)
	at org.sonarsource.sonarlint.shaded.org.springframework.beans.factory.annotation.InitDestroyAnnotationBeanPostProcessor$LifecycleElement.invoke(InitDestroyAnnotationBeanPostProcessor.java:389)
	at org.sonarsource.sonarlint.shaded.org.springframework.beans.factory.annotation.InitDestroyAnnotationBeanPostProcessor$LifecycleMetadata.invokeInitMethods(InitDestroyAnnotationBeanPostProcessor.java:333)
	at org.sonarsource.sonarlint.shaded.org.springframework.beans.factory.annotation.InitDestroyAnnotationBeanPostProcessor.postProcessBeforeInitialization(InitDestroyAnnotationBeanPostProcessor.java:157)
	at org.sonarsource.sonarlint.shaded.org.springframework.beans.factory.support.AbstractAutowireCapableBeanFactory.applyBeanPostProcessorsBeforeInitialization(AbstractAutowireCapableBeanFactory.java:440)
	at org.sonarsource.sonarlint.shaded.org.springframework.beans.factory.support.AbstractAutowireCapableBeanFactory.initializeBean(AbstractAutowireCapableBeanFactory.java:1796)
	at org.sonarsource.sonarlint.shaded.org.springframework.beans.factory.support.AbstractAutowireCapableBeanFactory.doCreateBean(AbstractAutowireCapableBeanFactory.java:620)
	at org.sonarsource.sonarlint.shaded.org.springframework.beans.factory.support.AbstractAutowireCapableBeanFactory.createBean(AbstractAutowireCapableBeanFactory.java:542)
	at org.sonarsource.sonarlint.shaded.org.springframework.beans.factory.support.AbstractBeanFactory.lambda$doGetBean$0(AbstractBeanFactory.java:335)
	at org.sonarsource.sonarlint.shaded.org.springframework.beans.factory.support.DefaultSingletonBeanRegistry.getSingleton(DefaultSingletonBeanRegistry.java:234)
	at org.sonarsource.sonarlint.shaded.org.springframework.beans.factory.support.AbstractBeanFactory.doGetBean(AbstractBeanFactory.java:333)
	at org.sonarsource.sonarlint.shaded.org.springframework.beans.factory.support.AbstractBeanFactory.getBean(AbstractBeanFactory.java:208)
	at org.sonarsource.sonarlint.shaded.org.springframework.beans.factory.config.DependencyDescriptor.resolveCandidate(DependencyDescriptor.java:276)
	at org.sonarsource.sonarlint.shaded.org.springframework.beans.factory.support.DefaultListableBeanFactory.doResolveDependency(DefaultListableBeanFactory.java:1391)
	at org.sonarsource.sonarlint.shaded.org.springframework.beans.factory.support.DefaultListableBeanFactory.resolveDependency(DefaultListableBeanFactory.java:1311)
	at org.sonarsource.sonarlint.shaded.org.springframework.beans.factory.support.ConstructorResolver.resolveAutowiredArgument(ConstructorResolver.java:887)
	at org.sonarsource.sonarlint.shaded.org.springframework.beans.factory.support.ConstructorResolver.createArgumentArray(ConstructorResolver.java:791)
	at org.sonarsource.sonarlint.shaded.org.springframework.beans.factory.support.ConstructorResolver.autowireConstructor(ConstructorResolver.java:229)
	at org.sonarsource.sonarlint.shaded.org.springframework.beans.factory.support.AbstractAutowireCapableBeanFactory.autowireConstructor(AbstractAutowireCapableBeanFactory.java:1372)
	at org.sonarsource.sonarlint.shaded.org.springframework.beans.factory.support.AbstractAutowireCapableBeanFactory.createBeanInstance(AbstractAutowireCapableBeanFactory.java:1222)
	at org.sonarsource.sonarlint.shaded.org.springframework.beans.factory.support.AbstractAutowireCapableBeanFactory.doCreateBean(AbstractAutowireCapableBeanFactory.java:582)
	at org.sonarsource.sonarlint.shaded.org.springframework.beans.factory.support.AbstractAutowireCapableBeanFactory.createBean(AbstractAutowireCapableBeanFactory.java:542)
	at org.sonarsource.sonarlint.shaded.org.springframework.beans.factory.support.AbstractBeanFactory.lambda$doGetBean$0(AbstractBeanFactory.java:335)
	at org.sonarsource.sonarlint.shaded.org.springframework.beans.factory.support.DefaultSingletonBeanRegistry.getSingleton(DefaultSingletonBeanRegistry.java:234)
	at org.sonarsource.sonarlint.shaded.org.springframework.beans.factory.support.AbstractBeanFactory.doGetBean(AbstractBeanFactory.java:333)
	at org.sonarsource.sonarlint.shaded.org.springframework.beans.factory.support.AbstractBeanFactory.getBean(AbstractBeanFactory.java:208)
	at org.sonarsource.sonarlint.shaded.org.springframework.beans.factory.support.DefaultListableBeanFactory.preInstantiateSingletons(DefaultListableBeanFactory.java:955)
	at org.sonarsource.sonarlint.shaded.org.springframework.context.support.AbstractApplicationContext.finishBeanFactoryInitialization(AbstractApplicationContext.java:920)
	at org.sonarsource.sonarlint.shaded.org.springframework.context.support.AbstractApplicationContext.refresh(AbstractApplicationContext.java:583)
	at org.sonarsource.sonarlint.core.SonarLintBackendImpl.lambda$initialize$2(SonarLintBackendImpl.java:63)
	at java.base/java.util.concurrent.CompletableFuture$AsyncRun.run(CompletableFuture.java:1804)
	at java.base/java.util.concurrent.CompletableFuture$AsyncRun.exec(CompletableFuture.java:1796)
	at java.base/java.util.concurrent.ForkJoinTask.doExec(ForkJoinTask.java:373)
	at java.base/java.util.concurrent.ForkJoinPool$WorkQueue.topLevelExec(ForkJoinPool.java:1182)
	at java.base/java.util.concurrent.ForkJoinPool.scan(ForkJoinPool.java:1655)
	at java.base/java.util.concurrent.ForkJoinPool.runWorker(ForkJoinPool.java:1622)
	at java.base/java.util.concurrent.ForkJoinWorkerThread.run(ForkJoinWorkerThread.java:165)
2023-12-15 12:46:27,026 [ForkJoinPool.commonPool-worker-1] WARN  jetbrains.exodus.io.FileDataWriter - Can't open directory channel. Log directory fsync won't be performed.
2023-12-15 12:46:39,943 [ForkJoinPool.commonPool-worker-1] INFO  j.exodus.env.EnvironmentImpl - Exodus environment created: C:\Users\BPEMMASA\.sonarlint\xodus-local-only-issue-store12718424932198715240
2023-12-15 12:46:40,058 [ForkJoinPool.commonPool-worker-1] INFO  j.exodus.gc.GarbageCollector - Queueing ComputeUtilizationFromScratchJob
2023-12-15 12:46:40,088 [Exodus shared background cleaner] INFO  j.exodus.gc.GarbageCollector - Started calculation of log utilization from scratch at C:\Users\BPEMMASA\.sonarlint\xodus-local-only-issue-store12718424932198715240
2023-12-15 12:46:40,275 [Exodus shared background cleaner] INFO  j.exodus.gc.GarbageCollector - Finished calculation of log utilization from scratch at C:\Users\BPEMMASA\.sonarlint\xodus-local-only-issue-store12718424932198715240
2023-12-15 15:21:41,801 [ForkJoinPool.commonPool-worker-2] INFO  j.exodus.util.CompressBackupUtil - Backup file "local_only_issue_backup2023-12-15-15-21-41.tar.gz" created.
2023-12-15 15:31:45,118 [Worker-4: Loading available Gradle versions] INFO  o.e.b.c.i.u.g.PublishedGradleVersions - Gradle version information cache is up-to-date. Trying to read.
2023-12-15 15:31:45,995 [ForkJoinPool.commonPool-worker-1] INFO  o.s.s.s.o.s.c.s.PostProcessorRegistrationDelegate$BeanPostProcessorChecker - Bean 'sonarLintSpringAppConfig' of type [org.sonarsource.sonarlint.core.spring.SonarLintSpringAppConfig$$EnhancerBySpringCGLIB$$5b215b30] is not eligible for getting processed by all BeanPostProcessors (for example: not eligible for auto-proxying)
2023-12-15 15:31:46,060 [ForkJoinPool.commonPool-worker-1] INFO  o.s.s.s.o.s.c.s.PostProcessorRegistrationDelegate$BeanPostProcessorChecker - Bean 'provideClientEventBus' of type [com.google.common.eventbus.AsyncEventBus] is not eligible for getting processed by all BeanPostProcessors (for example: not eligible for auto-proxying)
2023-12-15 15:31:47,245 [ForkJoinPool.commonPool-worker-1] INFO  jetbrains.exodus.io.FileDataWriter - Interruptible file channel will be used
java.lang.reflect.InaccessibleObjectException: Unable to make public void sun.nio.ch.FileChannelImpl.setUninterruptible() accessible: module java.base does not "exports sun.nio.ch" to unnamed module @2af39333
	at java.base/java.lang.reflect.AccessibleObject.checkCanSetAccessible(AccessibleObject.java:354)
	at java.base/java.lang.reflect.AccessibleObject.checkCanSetAccessible(AccessibleObject.java:297)
	at java.base/java.lang.reflect.Method.checkCanSetAccessible(Method.java:199)
	at java.base/java.lang.reflect.Method.setAccessible(Method.java:193)
	at jetbrains.exodus.io.FileDataWriter$Companion$setUninterruptibleMethod$1.invoke(FileDataWriter.kt:188)
	at jetbrains.exodus.io.FileDataWriter$Companion$setUninterruptibleMethod$1.invoke(FileDataWriter.kt:185)
	at jetbrains.exodus.util.UnsafeHolder.doPrivileged$lambda-0(UnsafeHolder.kt:30)
	at java.base/java.security.AccessController.doPrivileged(AccessController.java:569)
	at jetbrains.exodus.util.UnsafeHolder.doPrivileged(UnsafeHolder.kt:29)
	at jetbrains.exodus.io.FileDataWriter.<clinit>(FileDataWriter.kt:185)
	at jetbrains.exodus.io.FileDataReaderWriterProvider.newFileDataWriter(FileDataReaderWriterProvider.kt:48)
	at jetbrains.exodus.io.FileDataReaderWriterProvider.newReaderWriter(FileDataReaderWriterProvider.kt:30)
	at jetbrains.exodus.log.LogConfig.createReaderWriter(LogConfig.java:359)
	at jetbrains.exodus.log.LogConfig.getReader(LogConfig.java:125)
	at jetbrains.exodus.log.Log.<init>(Log.kt:52)
	at jetbrains.exodus.env.Environments.newLogInstance(Environments.kt:117)
	at jetbrains.exodus.env.Environments.newLogInstance(Environments.kt:81)
	at jetbrains.exodus.env.Environments.newLogInstance(Environments.kt:77)
	at jetbrains.exodus.env.Environments$newInstance$4.invoke(Environments.kt:46)
	at jetbrains.exodus.env.Environments$newInstance$4.invoke(Environments.kt:46)
	at jetbrains.exodus.env.Environments.prepare(Environments.kt:120)
	at jetbrains.exodus.env.Environments.newInstance(Environments.kt:46)
	at org.sonarsource.sonarlint.core.local.only.XodusLocalOnlyIssueStore.buildEntityStore(XodusLocalOnlyIssueStore.java:201)
	at org.sonarsource.sonarlint.core.local.only.XodusLocalOnlyIssueStore.<init>(XodusLocalOnlyIssueStore.java:94)
	at org.sonarsource.sonarlint.core.local.only.LocalOnlyIssueStorageService.get(LocalOnlyIssueStorageService.java:49)
	at org.sonarsource.sonarlint.core.local.only.LocalOnlyIssueStorageService.purgeOldIssues(LocalOnlyIssueStorageService.java:43)
	at java.base/jdk.internal.reflect.NativeMethodAccessorImpl.invoke0(Native Method)
	at java.base/jdk.internal.reflect.NativeMethodAccessorImpl.invoke(NativeMethodAccessorImpl.java:77)
	at java.base/jdk.internal.reflect.DelegatingMethodAccessorImpl.invoke(DelegatingMethodAccessorImpl.java:43)
	at java.base/java.lang.reflect.Method.invoke(Method.java:568)
	at org.sonarsource.sonarlint.shaded.org.springframework.beans.factory.annotation.InitDestroyAnnotationBeanPostProcessor$LifecycleElement.invoke(InitDestroyAnnotationBeanPostProcessor.java:389)
	at org.sonarsource.sonarlint.shaded.org.springframework.beans.factory.annotation.InitDestroyAnnotationBeanPostProcessor$LifecycleMetadata.invokeInitMethods(InitDestroyAnnotationBeanPostProcessor.java:333)
	at org.sonarsource.sonarlint.shaded.org.springframework.beans.factory.annotation.InitDestroyAnnotationBeanPostProcessor.postProcessBeforeInitialization(InitDestroyAnnotationBeanPostProcessor.java:157)
	at org.sonarsource.sonarlint.shaded.org.springframework.beans.factory.support.AbstractAutowireCapableBeanFactory.applyBeanPostProcessorsBeforeInitialization(AbstractAutowireCapableBeanFactory.java:440)
	at org.sonarsource.sonarlint.shaded.org.springframework.beans.factory.support.AbstractAutowireCapableBeanFactory.initializeBean(AbstractAutowireCapableBeanFactory.java:1796)
	at org.sonarsource.sonarlint.shaded.org.springframework.beans.factory.support.AbstractAutowireCapableBeanFactory.doCreateBean(AbstractAutowireCapableBeanFactory.java:620)
	at org.sonarsource.sonarlint.shaded.org.springframework.beans.factory.support.AbstractAutowireCapableBeanFactory.createBean(AbstractAutowireCapableBeanFactory.java:542)
	at org.sonarsource.sonarlint.shaded.org.springframework.beans.factory.support.AbstractBeanFactory.lambda$doGetBean$0(AbstractBeanFactory.java:335)
	at org.sonarsource.sonarlint.shaded.org.springframework.beans.factory.support.DefaultSingletonBeanRegistry.getSingleton(DefaultSingletonBeanRegistry.java:234)
	at org.sonarsource.sonarlint.shaded.org.springframework.beans.factory.support.AbstractBeanFactory.doGetBean(AbstractBeanFactory.java:333)
	at org.sonarsource.sonarlint.shaded.org.springframework.beans.factory.support.AbstractBeanFactory.getBean(AbstractBeanFactory.java:208)
	at org.sonarsource.sonarlint.shaded.org.springframework.beans.factory.config.DependencyDescriptor.resolveCandidate(DependencyDescriptor.java:276)
	at org.sonarsource.sonarlint.shaded.org.springframework.beans.factory.support.DefaultListableBeanFactory.doResolveDependency(DefaultListableBeanFactory.java:1391)
	at org.sonarsource.sonarlint.shaded.org.springframework.beans.factory.support.DefaultListableBeanFactory.resolveDependency(DefaultListableBeanFactory.java:1311)
	at org.sonarsource.sonarlint.shaded.org.springframework.beans.factory.support.ConstructorResolver.resolveAutowiredArgument(ConstructorResolver.java:887)
	at org.sonarsource.sonarlint.shaded.org.springframework.beans.factory.support.ConstructorResolver.createArgumentArray(ConstructorResolver.java:791)
	at org.sonarsource.sonarlint.shaded.org.springframework.beans.factory.support.ConstructorResolver.autowireConstructor(ConstructorResolver.java:229)
	at org.sonarsource.sonarlint.shaded.org.springframework.beans.factory.support.AbstractAutowireCapableBeanFactory.autowireConstructor(AbstractAutowireCapableBeanFactory.java:1372)
	at org.sonarsource.sonarlint.shaded.org.springframework.beans.factory.support.AbstractAutowireCapableBeanFactory.createBeanInstance(AbstractAutowireCapableBeanFactory.java:1222)
	at org.sonarsource.sonarlint.shaded.org.springframework.beans.factory.support.AbstractAutowireCapableBeanFactory.doCreateBean(AbstractAutowireCapableBeanFactory.java:582)
	at org.sonarsource.sonarlint.shaded.org.springframework.beans.factory.support.AbstractAutowireCapableBeanFactory.createBean(AbstractAutowireCapableBeanFactory.java:542)
	at org.sonarsource.sonarlint.shaded.org.springframework.beans.factory.support.AbstractBeanFactory.lambda$doGetBean$0(AbstractBeanFactory.java:335)
	at org.sonarsource.sonarlint.shaded.org.springframework.beans.factory.support.DefaultSingletonBeanRegistry.getSingleton(DefaultSingletonBeanRegistry.java:234)
	at org.sonarsource.sonarlint.shaded.org.springframework.beans.factory.support.AbstractBeanFactory.doGetBean(AbstractBeanFactory.java:333)
	at org.sonarsource.sonarlint.shaded.org.springframework.beans.factory.support.AbstractBeanFactory.getBean(AbstractBeanFactory.java:208)
	at org.sonarsource.sonarlint.shaded.org.springframework.beans.factory.support.DefaultListableBeanFactory.preInstantiateSingletons(DefaultListableBeanFactory.java:955)
	at org.sonarsource.sonarlint.shaded.org.springframework.context.support.AbstractApplicationContext.finishBeanFactoryInitialization(AbstractApplicationContext.java:920)
	at org.sonarsource.sonarlint.shaded.org.springframework.context.support.AbstractApplicationContext.refresh(AbstractApplicationContext.java:583)
	at org.sonarsource.sonarlint.core.SonarLintBackendImpl.lambda$initialize$2(SonarLintBackendImpl.java:63)
	at java.base/java.util.concurrent.CompletableFuture$AsyncRun.run(CompletableFuture.java:1804)
	at java.base/java.util.concurrent.CompletableFuture$AsyncRun.exec(CompletableFuture.java:1796)
	at java.base/java.util.concurrent.ForkJoinTask.doExec(ForkJoinTask.java:373)
	at java.base/java.util.concurrent.ForkJoinPool$WorkQueue.topLevelExec(ForkJoinPool.java:1182)
	at java.base/java.util.concurrent.ForkJoinPool.scan(ForkJoinPool.java:1655)
	at java.base/java.util.concurrent.ForkJoinPool.runWorker(ForkJoinPool.java:1622)
	at java.base/java.util.concurrent.ForkJoinWorkerThread.run(ForkJoinWorkerThread.java:165)
2023-12-15 15:31:47,247 [ForkJoinPool.commonPool-worker-1] WARN  jetbrains.exodus.io.FileDataWriter - Can't open directory channel. Log directory fsync won't be performed.
2023-12-15 15:31:47,431 [ForkJoinPool.commonPool-worker-1] INFO  j.exodus.env.EnvironmentImpl - Exodus environment created: C:\Users\BPEMMASA\.sonarlint\xodus-local-only-issue-store5344435519382559115
2023-12-15 15:31:47,438 [ForkJoinPool.commonPool-worker-1] INFO  j.exodus.gc.GarbageCollector - Queueing ComputeUtilizationFromScratchJob
2023-12-15 15:31:57,239 [Exodus shared background cleaner] INFO  j.exodus.gc.GarbageCollector - Started calculation of log utilization from scratch at C:\Users\BPEMMASA\.sonarlint\xodus-local-only-issue-store5344435519382559115
2023-12-15 15:31:57,261 [Exodus shared background cleaner] INFO  j.exodus.gc.GarbageCollector - Finished calculation of log utilization from scratch at C:\Users\BPEMMASA\.sonarlint\xodus-local-only-issue-store5344435519382559115
2023-12-15 15:32:11,528 [Worker-13: Importing Maven projects] INFO  o.e.m.c.i.l.LifecycleMappingFactory - Using org.eclipse.m2e.jdt.JarLifecycleMapping lifecycle mapping for MavenProject: com.film:FilmRentalService:0.0.1-SNAPSHOT @ C:\Users\BPEMMASA\Desktop\TotalMySakilaProject\SakilaBackend\MySakilaProject\pom.xml.
2023-12-15 15:32:13,506 [Worker-13: Importing Maven projects] INFO  o.e.m.j.i.AbstractJavaProjectConfigurator - Adding source folder /MySakilaProject/src/main/java
2023-12-15 15:32:13,507 [Worker-13: Importing Maven projects] INFO  o.e.m.j.i.AbstractJavaProjectConfigurator - Adding resource folder /MySakilaProject/src/main/resources
2023-12-15 15:32:13,508 [Worker-13: Importing Maven projects] INFO  o.e.m.j.i.AbstractJavaProjectConfigurator - Adding resource folder /MySakilaProject/src/main/resources
2023-12-15 15:32:13,510 [Worker-13: Importing Maven projects] INFO  o.e.m.j.i.AbstractJavaProjectConfigurator - Adding source folder /MySakilaProject/src/test/java
2023-12-15 15:32:14,149 [Worker-13: Importing Maven projects] INFO  o.e.m.c.i.p.ProjectConfigurationManager - Imported and configured 1 project(s) in 4 sec
2023-12-15 15:32:18,281 [Worker-16: Building] INFO  o.a.m.s.f.DefaultMavenResourcesFiltering - Copying 1 resource from src\main\resources to target\classes
2023-12-15 15:32:18,320 [Worker-16: Building] INFO  o.a.m.s.f.DefaultMavenResourcesFiltering - Copying 0 resource from src\main\resources to target\classes
2023-12-15 15:32:18,325 [Worker-16: Building] INFO  o.a.m.s.f.DefaultMavenResourcesFiltering - skip non existing resourceDirectory C:\Users\BPEMMASA\Desktop\TotalMySakilaProject\SakilaBackend\MySakilaProject\src\test\resources
2023-12-16 10:51:49,250 [Worker-63: Building] INFO  o.a.m.s.f.DefaultMavenResourcesFiltering - Copying 1 resource from src\main\resources to target\classes
2023-12-16 10:51:49,353 [Worker-63: Building] INFO  o.a.m.s.f.DefaultMavenResourcesFiltering - Copying 0 resource from src\main\resources to target\classes
2023-12-16 10:51:49,358 [Worker-63: Building] INFO  o.a.m.s.f.DefaultMavenResourcesFiltering - skip non existing resourceDirectory C:\Users\BPEMMASA\Desktop\TotalMySakilaProject\SakilaBackend\MySakilaProject\src\test\resources
2023-12-16 10:55:42,186 [Worker-66: Building] INFO  o.a.m.s.f.DefaultMavenResourcesFiltering - Copying 1 resource from src\main\resources to target\classes
2023-12-16 10:55:42,196 [Worker-66: Building] INFO  o.a.m.s.f.DefaultMavenResourcesFiltering - Copying 0 resource from src\main\resources to target\classes
2023-12-16 10:55:42,201 [Worker-66: Building] INFO  o.a.m.s.f.DefaultMavenResourcesFiltering - skip non existing resourceDirectory C:\Users\BPEMMASA\Desktop\TotalMySakilaProject\SakilaBackend\MySakilaProject\src\test\resources
2023-12-16 11:04:48,597 [Worker-69: Building] INFO  o.a.m.s.f.DefaultMavenResourcesFiltering - Copying 1 resource from src\main\resources to target\classes
2023-12-16 11:04:48,604 [Worker-69: Building] INFO  o.a.m.s.f.DefaultMavenResourcesFiltering - Copying 0 resource from src\main\resources to target\classes
2023-12-16 11:04:48,608 [Worker-69: Building] INFO  o.a.m.s.f.DefaultMavenResourcesFiltering - skip non existing resourceDirectory C:\Users\BPEMMASA\Desktop\TotalMySakilaProject\SakilaBackend\MySakilaProject\src\test\resources
2023-12-16 11:06:35,742 [Worker-73: Building] INFO  o.a.m.s.f.DefaultMavenResourcesFiltering - Copying 1 resource from src\main\resources to target\classes
2023-12-16 11:06:35,892 [Worker-73: Building] INFO  o.a.m.s.f.DefaultMavenResourcesFiltering - Copying 0 resource from src\main\resources to target\classes
2023-12-16 11:06:35,896 [Worker-73: Building] INFO  o.a.m.s.f.DefaultMavenResourcesFiltering - skip non existing resourceDirectory C:\Users\BPEMMASA\Desktop\TotalMySakilaProject\SakilaBackend\MySakilaProject\src\test\resources
2023-12-16 11:08:58,419 [Worker-76: Building] INFO  o.a.m.s.f.DefaultMavenResourcesFiltering - Copying 1 resource from src\main\resources to target\classes
2023-12-16 11:08:58,449 [Worker-76: Building] INFO  o.a.m.s.f.DefaultMavenResourcesFiltering - Copying 0 resource from src\main\resources to target\classes
2023-12-16 11:08:58,453 [Worker-76: Building] INFO  o.a.m.s.f.DefaultMavenResourcesFiltering - skip non existing resourceDirectory C:\Users\BPEMMASA\Desktop\TotalMySakilaProject\SakilaBackend\MySakilaProject\src\test\resources
2023-12-16 11:11:30,143 [Worker-76: Building] INFO  o.a.m.s.f.DefaultMavenResourcesFiltering - Copying 1 resource from src\main\resources to target\classes
2023-12-16 11:11:30,219 [Worker-76: Building] INFO  o.a.m.s.f.DefaultMavenResourcesFiltering - Copying 0 resource from src\main\resources to target\classes
2023-12-16 11:11:30,222 [Worker-76: Building] INFO  o.a.m.s.f.DefaultMavenResourcesFiltering - skip non existing resourceDirectory C:\Users\BPEMMASA\Desktop\TotalMySakilaProject\SakilaBackend\MySakilaProject\src\test\resources
2023-12-16 11:12:16,935 [Worker-73: Building] INFO  o.a.m.s.f.DefaultMavenResourcesFiltering - Copying 1 resource from src\main\resources to target\classes
2023-12-16 11:12:16,943 [Worker-73: Building] INFO  o.a.m.s.f.DefaultMavenResourcesFiltering - Copying 0 resource from src\main\resources to target\classes
2023-12-16 11:12:16,948 [Worker-73: Building] INFO  o.a.m.s.f.DefaultMavenResourcesFiltering - skip non existing resourceDirectory C:\Users\BPEMMASA\Desktop\TotalMySakilaProject\SakilaBackend\MySakilaProject\src\test\resources
2023-12-16 11:20:42,470 [Worker-86: Building] INFO  o.a.m.s.f.DefaultMavenResourcesFiltering - Copying 1 resource from src\main\resources to target\classes
2023-12-16 11:20:42,479 [Worker-86: Building] INFO  o.a.m.s.f.DefaultMavenResourcesFiltering - Copying 0 resource from src\main\resources to target\classes
2023-12-16 11:20:42,485 [Worker-86: Building] INFO  o.a.m.s.f.DefaultMavenResourcesFiltering - skip non existing resourceDirectory C:\Users\BPEMMASA\Desktop\TotalMySakilaProject\SakilaBackend\MySakilaProject\src\test\resources
2023-12-16 15:57:08,221 [Worker-118: Building] INFO  o.a.m.s.f.DefaultMavenResourcesFiltering - Copying 1 resource from src\main\resources to target\classes
2023-12-16 15:57:08,323 [Worker-118: Building] INFO  o.a.m.s.f.DefaultMavenResourcesFiltering - Copying 0 resource from src\main\resources to target\classes
2023-12-16 15:57:08,327 [Worker-118: Building] INFO  o.a.m.s.f.DefaultMavenResourcesFiltering - skip non existing resourceDirectory C:\Users\BPEMMASA\Desktop\TotalMySakilaProject\SakilaBackend\MySakilaProject\src\test\resources
2023-12-16 16:05:23,269 [ForkJoinPool.commonPool-worker-56] INFO  j.exodus.util.CompressBackupUtil - Backup file "local_only_issue_backup2023-12-16-16-05-23.tar.gz" created.
2023-12-16 16:05:43,776 [Worker-2: Loading available Gradle versions] INFO  o.e.b.c.i.u.g.PublishedGradleVersions - Gradle version information cache is out-of-date. Trying to update.
2023-12-16 16:05:45,690 [ForkJoinPool.commonPool-worker-1] INFO  o.s.s.s.o.s.c.s.PostProcessorRegistrationDelegate$BeanPostProcessorChecker - Bean 'sonarLintSpringAppConfig' of type [org.sonarsource.sonarlint.core.spring.SonarLintSpringAppConfig$$EnhancerBySpringCGLIB$$9d2a17c8] is not eligible for getting processed by all BeanPostProcessors (for example: not eligible for auto-proxying)
2023-12-16 16:05:46,016 [ForkJoinPool.commonPool-worker-1] INFO  o.s.s.s.o.s.c.s.PostProcessorRegistrationDelegate$BeanPostProcessorChecker - Bean 'provideClientEventBus' of type [com.google.common.eventbus.AsyncEventBus] is not eligible for getting processed by all BeanPostProcessors (for example: not eligible for auto-proxying)
2023-12-16 16:05:46,571 [Worker-3: Updating Maven Dependencies] INFO  o.e.m.c.i.l.LifecycleMappingFactory - Using org.eclipse.m2e.jdt.JarLifecycleMapping lifecycle mapping for MavenProject: com.film:FilmRentalService:0.0.1-SNAPSHOT @ C:\Users\BPEMMASA\Desktop\TotalMySakilaProject\SakilaBackend\MySakilaProject\pom.xml.
2023-12-16 16:05:48,349 [ForkJoinPool.commonPool-worker-1] INFO  jetbrains.exodus.io.FileDataWriter - Interruptible file channel will be used
java.lang.reflect.InaccessibleObjectException: Unable to make public void sun.nio.ch.FileChannelImpl.setUninterruptible() accessible: module java.base does not "exports sun.nio.ch" to unnamed module @417aaa93
	at java.base/java.lang.reflect.AccessibleObject.checkCanSetAccessible(AccessibleObject.java:354)
	at java.base/java.lang.reflect.AccessibleObject.checkCanSetAccessible(AccessibleObject.java:297)
	at java.base/java.lang.reflect.Method.checkCanSetAccessible(Method.java:199)
	at java.base/java.lang.reflect.Method.setAccessible(Method.java:193)
	at jetbrains.exodus.io.FileDataWriter$Companion$setUninterruptibleMethod$1.invoke(FileDataWriter.kt:188)
	at jetbrains.exodus.io.FileDataWriter$Companion$setUninterruptibleMethod$1.invoke(FileDataWriter.kt:185)
	at jetbrains.exodus.util.UnsafeHolder.doPrivileged$lambda-0(UnsafeHolder.kt:30)
	at java.base/java.security.AccessController.doPrivileged(AccessController.java:569)
	at jetbrains.exodus.util.UnsafeHolder.doPrivileged(UnsafeHolder.kt:29)
	at jetbrains.exodus.io.FileDataWriter.<clinit>(FileDataWriter.kt:185)
	at jetbrains.exodus.io.FileDataReaderWriterProvider.newFileDataWriter(FileDataReaderWriterProvider.kt:48)
	at jetbrains.exodus.io.FileDataReaderWriterProvider.newReaderWriter(FileDataReaderWriterProvider.kt:30)
	at jetbrains.exodus.log.LogConfig.createReaderWriter(LogConfig.java:359)
	at jetbrains.exodus.log.LogConfig.getReader(LogConfig.java:125)
	at jetbrains.exodus.log.Log.<init>(Log.kt:52)
	at jetbrains.exodus.env.Environments.newLogInstance(Environments.kt:117)
	at jetbrains.exodus.env.Environments.newLogInstance(Environments.kt:81)
	at jetbrains.exodus.env.Environments.newLogInstance(Environments.kt:77)
	at jetbrains.exodus.env.Environments$newInstance$4.invoke(Environments.kt:46)
	at jetbrains.exodus.env.Environments$newInstance$4.invoke(Environments.kt:46)
	at jetbrains.exodus.env.Environments.prepare(Environments.kt:120)
	at jetbrains.exodus.env.Environments.newInstance(Environments.kt:46)
	at org.sonarsource.sonarlint.core.local.only.XodusLocalOnlyIssueStore.buildEntityStore(XodusLocalOnlyIssueStore.java:201)
	at org.sonarsource.sonarlint.core.local.only.XodusLocalOnlyIssueStore.<init>(XodusLocalOnlyIssueStore.java:94)
	at org.sonarsource.sonarlint.core.local.only.LocalOnlyIssueStorageService.get(LocalOnlyIssueStorageService.java:49)
	at org.sonarsource.sonarlint.core.local.only.LocalOnlyIssueStorageService.purgeOldIssues(LocalOnlyIssueStorageService.java:43)
	at java.base/jdk.internal.reflect.NativeMethodAccessorImpl.invoke0(Native Method)
	at java.base/jdk.internal.reflect.NativeMethodAccessorImpl.invoke(NativeMethodAccessorImpl.java:77)
	at java.base/jdk.internal.reflect.DelegatingMethodAccessorImpl.invoke(DelegatingMethodAccessorImpl.java:43)
	at java.base/java.lang.reflect.Method.invoke(Method.java:568)
	at org.sonarsource.sonarlint.shaded.org.springframework.beans.factory.annotation.InitDestroyAnnotationBeanPostProcessor$LifecycleElement.invoke(InitDestroyAnnotationBeanPostProcessor.java:389)
	at org.sonarsource.sonarlint.shaded.org.springframework.beans.factory.annotation.InitDestroyAnnotationBeanPostProcessor$LifecycleMetadata.invokeInitMethods(InitDestroyAnnotationBeanPostProcessor.java:333)
	at org.sonarsource.sonarlint.shaded.org.springframework.beans.factory.annotation.InitDestroyAnnotationBeanPostProcessor.postProcessBeforeInitialization(InitDestroyAnnotationBeanPostProcessor.java:157)
	at org.sonarsource.sonarlint.shaded.org.springframework.beans.factory.support.AbstractAutowireCapableBeanFactory.applyBeanPostProcessorsBeforeInitialization(AbstractAutowireCapableBeanFactory.java:440)
	at org.sonarsource.sonarlint.shaded.org.springframework.beans.factory.support.AbstractAutowireCapableBeanFactory.initializeBean(AbstractAutowireCapableBeanFactory.java:1796)
	at org.sonarsource.sonarlint.shaded.org.springframework.beans.factory.support.AbstractAutowireCapableBeanFactory.doCreateBean(AbstractAutowireCapableBeanFactory.java:620)
	at org.sonarsource.sonarlint.shaded.org.springframework.beans.factory.support.AbstractAutowireCapableBeanFactory.createBean(AbstractAutowireCapableBeanFactory.java:542)
	at org.sonarsource.sonarlint.shaded.org.springframework.beans.factory.support.AbstractBeanFactory.lambda$doGetBean$0(AbstractBeanFactory.java:335)
	at org.sonarsource.sonarlint.shaded.org.springframework.beans.factory.support.DefaultSingletonBeanRegistry.getSingleton(DefaultSingletonBeanRegistry.java:234)
	at org.sonarsource.sonarlint.shaded.org.springframework.beans.factory.support.AbstractBeanFactory.doGetBean(AbstractBeanFactory.java:333)
	at org.sonarsource.sonarlint.shaded.org.springframework.beans.factory.support.AbstractBeanFactory.getBean(AbstractBeanFactory.java:208)
	at org.sonarsource.sonarlint.shaded.org.springframework.beans.factory.config.DependencyDescriptor.resolveCandidate(DependencyDescriptor.java:276)
	at org.sonarsource.sonarlint.shaded.org.springframework.beans.factory.support.DefaultListableBeanFactory.doResolveDependency(DefaultListableBeanFactory.java:1391)
	at org.sonarsource.sonarlint.shaded.org.springframework.beans.factory.support.DefaultListableBeanFactory.resolveDependency(DefaultListableBeanFactory.java:1311)
	at org.sonarsource.sonarlint.shaded.org.springframework.beans.factory.support.ConstructorResolver.resolveAutowiredArgument(ConstructorResolver.java:887)
	at org.sonarsource.sonarlint.shaded.org.springframework.beans.factory.support.ConstructorResolver.createArgumentArray(ConstructorResolver.java:791)
	at org.sonarsource.sonarlint.shaded.org.springframework.beans.factory.support.ConstructorResolver.autowireConstructor(ConstructorResolver.java:229)
	at org.sonarsource.sonarlint.shaded.org.springframework.beans.factory.support.AbstractAutowireCapableBeanFactory.autowireConstructor(AbstractAutowireCapableBeanFactory.java:1372)
	at org.sonarsource.sonarlint.shaded.org.springframework.beans.factory.support.AbstractAutowireCapableBeanFactory.createBeanInstance(AbstractAutowireCapableBeanFactory.java:1222)
	at org.sonarsource.sonarlint.shaded.org.springframework.beans.factory.support.AbstractAutowireCapableBeanFactory.doCreateBean(AbstractAutowireCapableBeanFactory.java:582)
	at org.sonarsource.sonarlint.shaded.org.springframework.beans.factory.support.AbstractAutowireCapableBeanFactory.createBean(AbstractAutowireCapableBeanFactory.java:542)
	at org.sonarsource.sonarlint.shaded.org.springframework.beans.factory.support.AbstractBeanFactory.lambda$doGetBean$0(AbstractBeanFactory.java:335)
	at org.sonarsource.sonarlint.shaded.org.springframework.beans.factory.support.DefaultSingletonBeanRegistry.getSingleton(DefaultSingletonBeanRegistry.java:234)
	at org.sonarsource.sonarlint.shaded.org.springframework.beans.factory.support.AbstractBeanFactory.doGetBean(AbstractBeanFactory.java:333)
	at org.sonarsource.sonarlint.shaded.org.springframework.beans.factory.support.AbstractBeanFactory.getBean(AbstractBeanFactory.java:208)
	at org.sonarsource.sonarlint.shaded.org.springframework.beans.factory.support.DefaultListableBeanFactory.preInstantiateSingletons(DefaultListableBeanFactory.java:955)
	at org.sonarsource.sonarlint.shaded.org.springframework.context.support.AbstractApplicationContext.finishBeanFactoryInitialization(AbstractApplicationContext.java:920)
	at org.sonarsource.sonarlint.shaded.org.springframework.context.support.AbstractApplicationContext.refresh(AbstractApplicationContext.java:583)
	at org.sonarsource.sonarlint.core.SonarLintBackendImpl.lambda$initialize$2(SonarLintBackendImpl.java:63)
	at java.base/java.util.concurrent.CompletableFuture$AsyncRun.run(CompletableFuture.java:1804)
	at java.base/java.util.concurrent.CompletableFuture$AsyncRun.exec(CompletableFuture.java:1796)
	at java.base/java.util.concurrent.ForkJoinTask.doExec(ForkJoinTask.java:373)
	at java.base/java.util.concurrent.ForkJoinPool$WorkQueue.topLevelExec(ForkJoinPool.java:1182)
	at java.base/java.util.concurrent.ForkJoinPool.scan(ForkJoinPool.java:1655)
	at java.base/java.util.concurrent.ForkJoinPool.runWorker(ForkJoinPool.java:1622)
	at java.base/java.util.concurrent.ForkJoinWorkerThread.run(ForkJoinWorkerThread.java:165)
2023-12-16 16:05:48,351 [ForkJoinPool.commonPool-worker-1] WARN  jetbrains.exodus.io.FileDataWriter - Can't open directory channel. Log directory fsync won't be performed.
2023-12-16 16:05:49,553 [Worker-6: Building] INFO  o.a.m.s.f.DefaultMavenResourcesFiltering - Copying 1 resource from src\main\resources to target\classes
2023-12-16 16:05:49,592 [Worker-6: Building] INFO  o.a.m.s.f.DefaultMavenResourcesFiltering - Copying 0 resource from src\main\resources to target\classes
2023-12-16 16:05:49,601 [Worker-6: Building] INFO  o.a.m.s.f.DefaultMavenResourcesFiltering - skip non existing resourceDirectory C:\Users\BPEMMASA\Desktop\TotalMySakilaProject\SakilaBackend\MySakilaProject\src\test\resources
2023-12-16 16:05:50,158 [ForkJoinPool.commonPool-worker-1] INFO  j.exodus.env.EnvironmentImpl - Exodus environment created: C:\Users\BPEMMASA\.sonarlint\xodus-local-only-issue-store9458296465395136601
2023-12-16 16:05:50,229 [ForkJoinPool.commonPool-worker-1] INFO  j.exodus.gc.GarbageCollector - Queueing ComputeUtilizationFromScratchJob
2023-12-16 16:05:58,324 [Exodus shared background cleaner] INFO  j.exodus.gc.GarbageCollector - Started calculation of log utilization from scratch at C:\Users\BPEMMASA\.sonarlint\xodus-local-only-issue-store9458296465395136601
2023-12-16 16:05:58,356 [Exodus shared background cleaner] INFO  j.exodus.gc.GarbageCollector - Finished calculation of log utilization from scratch at C:\Users\BPEMMASA\.sonarlint\xodus-local-only-issue-store9458296465395136601
2023-12-16 16:09:04,822 [Worker-18: Building] INFO  o.a.m.s.f.DefaultMavenResourcesFiltering - Copying 1 resource from src\main\resources to target\classes
2023-12-16 16:09:04,830 [Worker-18: Building] INFO  o.a.m.s.f.DefaultMavenResourcesFiltering - Copying 0 resource from src\main\resources to target\classes
2023-12-16 16:09:04,834 [Worker-18: Building] INFO  o.a.m.s.f.DefaultMavenResourcesFiltering - skip non existing resourceDirectory C:\Users\BPEMMASA\Desktop\TotalMySakilaProject\SakilaBackend\MySakilaProject\src\test\resources
2023-12-16 16:10:47,037 [Worker-3: Building] INFO  o.a.m.s.f.DefaultMavenResourcesFiltering - Copying 1 resource from src\main\resources to target\classes
2023-12-16 16:10:47,047 [Worker-3: Building] INFO  o.a.m.s.f.DefaultMavenResourcesFiltering - Copying 0 resource from src\main\resources to target\classes
2023-12-16 16:10:47,051 [Worker-3: Building] INFO  o.a.m.s.f.DefaultMavenResourcesFiltering - skip non existing resourceDirectory C:\Users\BPEMMASA\Desktop\TotalMySakilaProject\SakilaBackend\MySakilaProject\src\test\resources
2023-12-17 10:26:13,198 [Worker-19: Building] INFO  o.a.m.s.f.DefaultMavenResourcesFiltering - Copying 1 resource from src\main\resources to target\classes
2023-12-17 10:26:13,248 [Worker-19: Building] INFO  o.a.m.s.f.DefaultMavenResourcesFiltering - Copying 0 resource from src\main\resources to target\classes
2023-12-17 10:26:13,252 [Worker-19: Building] INFO  o.a.m.s.f.DefaultMavenResourcesFiltering - skip non existing resourceDirectory C:\Users\BPEMMASA\Desktop\TotalMySakilaProject\SakilaBackend\MySakilaProject\src\test\resources
2023-12-17 10:32:10,890 [Worker-58: Building] INFO  o.a.m.s.f.DefaultMavenResourcesFiltering - Copying 1 resource from src\main\resources to target\classes
2023-12-17 10:32:11,000 [Worker-58: Building] INFO  o.a.m.s.f.DefaultMavenResourcesFiltering - Copying 0 resource from src\main\resources to target\classes
2023-12-17 10:32:11,004 [Worker-58: Building] INFO  o.a.m.s.f.DefaultMavenResourcesFiltering - skip non existing resourceDirectory C:\Users\BPEMMASA\Desktop\TotalMySakilaProject\SakilaBackend\MySakilaProject\src\test\resources
2023-12-17 12:09:15,424 [Worker-84: Building] INFO  o.a.m.s.f.DefaultMavenResourcesFiltering - Copying 1 resource from src\main\resources to target\classes
2023-12-17 12:09:15,451 [Worker-84: Building] INFO  o.a.m.s.f.DefaultMavenResourcesFiltering - Copying 0 resource from src\main\resources to target\classes
2023-12-17 12:09:15,456 [Worker-84: Building] INFO  o.a.m.s.f.DefaultMavenResourcesFiltering - skip non existing resourceDirectory C:\Users\BPEMMASA\Desktop\TotalMySakilaProject\SakilaBackend\MySakilaProject\src\test\resources
2023-12-17 12:10:16,469 [Worker-79: Building] INFO  o.a.m.s.f.DefaultMavenResourcesFiltering - Copying 1 resource from src\main\resources to target\classes
2023-12-17 12:10:16,479 [Worker-79: Building] INFO  o.a.m.s.f.DefaultMavenResourcesFiltering - Copying 0 resource from src\main\resources to target\classes
2023-12-17 12:10:16,481 [Worker-79: Building] INFO  o.a.m.s.f.DefaultMavenResourcesFiltering - skip non existing resourceDirectory C:\Users\BPEMMASA\Desktop\TotalMySakilaProject\SakilaBackend\MySakilaProject\src\test\resources
2023-12-17 12:10:20,824 [Worker-85: Building] INFO  o.a.m.s.f.DefaultMavenResourcesFiltering - Copying 1 resource from src\main\resources to target\classes
2023-12-17 12:10:20,845 [Worker-85: Building] INFO  o.a.m.s.f.DefaultMavenResourcesFiltering - Copying 0 resource from src\main\resources to target\classes
2023-12-17 12:10:20,851 [Worker-85: Building] INFO  o.a.m.s.f.DefaultMavenResourcesFiltering - skip non existing resourceDirectory C:\Users\BPEMMASA\Desktop\TotalMySakilaProject\SakilaBackend\MySakilaProject\src\test\resources
2023-12-17 12:11:16,176 [Worker-82: Building] INFO  o.a.m.s.f.DefaultMavenResourcesFiltering - Copying 1 resource from src\main\resources to target\classes
2023-12-17 12:11:16,185 [Worker-82: Building] INFO  o.a.m.s.f.DefaultMavenResourcesFiltering - Copying 0 resource from src\main\resources to target\classes
2023-12-17 12:11:16,188 [Worker-82: Building] INFO  o.a.m.s.f.DefaultMavenResourcesFiltering - skip non existing resourceDirectory C:\Users\BPEMMASA\Desktop\TotalMySakilaProject\SakilaBackend\MySakilaProject\src\test\resources
2023-12-17 12:11:22,727 [Worker-82: Building] INFO  o.a.m.s.f.DefaultMavenResourcesFiltering - Copying 1 resource from src\main\resources to target\classes
2023-12-17 12:11:22,734 [Worker-82: Building] INFO  o.a.m.s.f.DefaultMavenResourcesFiltering - Copying 0 resource from src\main\resources to target\classes
2023-12-17 12:11:22,736 [Worker-82: Building] INFO  o.a.m.s.f.DefaultMavenResourcesFiltering - skip non existing resourceDirectory C:\Users\BPEMMASA\Desktop\TotalMySakilaProject\SakilaBackend\MySakilaProject\src\test\resources
2023-12-17 12:16:54,935 [Worker-85: Building] INFO  o.a.m.s.f.DefaultMavenResourcesFiltering - Copying 1 resource from src\main\resources to target\classes
2023-12-17 12:16:54,943 [Worker-85: Building] INFO  o.a.m.s.f.DefaultMavenResourcesFiltering - Copying 0 resource from src\main\resources to target\classes
2023-12-17 12:16:54,947 [Worker-85: Building] INFO  o.a.m.s.f.DefaultMavenResourcesFiltering - skip non existing resourceDirectory C:\Users\BPEMMASA\Desktop\TotalMySakilaProject\SakilaBackend\MySakilaProject\src\test\resources
2023-12-17 12:18:18,926 [Worker-88: Building] INFO  o.a.m.s.f.DefaultMavenResourcesFiltering - Copying 1 resource from src\main\resources to target\classes
2023-12-17 12:18:18,933 [Worker-88: Building] INFO  o.a.m.s.f.DefaultMavenResourcesFiltering - Copying 0 resource from src\main\resources to target\classes
2023-12-17 12:18:18,937 [Worker-88: Building] INFO  o.a.m.s.f.DefaultMavenResourcesFiltering - skip non existing resourceDirectory C:\Users\BPEMMASA\Desktop\TotalMySakilaProject\SakilaBackend\MySakilaProject\src\test\resources
2023-12-17 12:19:09,510 [Worker-86: Building] INFO  o.a.m.s.f.DefaultMavenResourcesFiltering - Copying 1 resource from src\main\resources to target\classes
2023-12-17 12:19:09,519 [Worker-86: Building] INFO  o.a.m.s.f.DefaultMavenResourcesFiltering - Copying 0 resource from src\main\resources to target\classes
2023-12-17 12:19:09,528 [Worker-86: Building] INFO  o.a.m.s.f.DefaultMavenResourcesFiltering - skip non existing resourceDirectory C:\Users\BPEMMASA\Desktop\TotalMySakilaProject\SakilaBackend\MySakilaProject\src\test\resources
2023-12-17 12:19:53,878 [Worker-90: Building] INFO  o.a.m.s.f.DefaultMavenResourcesFiltering - Copying 1 resource from src\main\resources to target\classes
2023-12-17 12:19:53,885 [Worker-90: Building] INFO  o.a.m.s.f.DefaultMavenResourcesFiltering - Copying 0 resource from src\main\resources to target\classes
2023-12-17 12:19:53,887 [Worker-90: Building] INFO  o.a.m.s.f.DefaultMavenResourcesFiltering - skip non existing resourceDirectory C:\Users\BPEMMASA\Desktop\TotalMySakilaProject\SakilaBackend\MySakilaProject\src\test\resources
2023-12-17 12:41:39,320 [Worker-94: Building] INFO  o.a.m.s.f.DefaultMavenResourcesFiltering - Copying 1 resource from src\main\resources to target\classes
2023-12-17 12:41:39,328 [Worker-94: Building] INFO  o.a.m.s.f.DefaultMavenResourcesFiltering - Copying 0 resource from src\main\resources to target\classes
2023-12-17 12:41:39,332 [Worker-94: Building] INFO  o.a.m.s.f.DefaultMavenResourcesFiltering - skip non existing resourceDirectory C:\Users\BPEMMASA\Desktop\TotalMySakilaProject\SakilaBackend\MySakilaProject\src\test\resources
2023-12-17 12:55:11,854 [Worker-102: Building] INFO  o.a.m.s.f.DefaultMavenResourcesFiltering - Copying 1 resource from src\main\resources to target\classes
2023-12-17 12:55:11,862 [Worker-102: Building] INFO  o.a.m.s.f.DefaultMavenResourcesFiltering - Copying 0 resource from src\main\resources to target\classes
2023-12-17 12:55:11,866 [Worker-102: Building] INFO  o.a.m.s.f.DefaultMavenResourcesFiltering - skip non existing resourceDirectory C:\Users\BPEMMASA\Desktop\TotalMySakilaProject\SakilaBackend\MySakilaProject\src\test\resources
2023-12-17 12:56:36,124 [Worker-103: Building] INFO  o.a.m.s.f.DefaultMavenResourcesFiltering - Copying 1 resource from src\main\resources to target\classes
2023-12-17 12:56:36,133 [Worker-103: Building] INFO  o.a.m.s.f.DefaultMavenResourcesFiltering - Copying 0 resource from src\main\resources to target\classes
2023-12-17 12:56:36,137 [Worker-103: Building] INFO  o.a.m.s.f.DefaultMavenResourcesFiltering - skip non existing resourceDirectory C:\Users\BPEMMASA\Desktop\TotalMySakilaProject\SakilaBackend\MySakilaProject\src\test\resources
2023-12-17 12:58:47,316 [Worker-103: Building] INFO  o.a.m.s.f.DefaultMavenResourcesFiltering - Copying 1 resource from src\main\resources to target\classes
2023-12-17 12:58:47,334 [Worker-103: Building] INFO  o.a.m.s.f.DefaultMavenResourcesFiltering - Copying 0 resource from src\main\resources to target\classes
2023-12-17 12:58:47,343 [Worker-103: Building] INFO  o.a.m.s.f.DefaultMavenResourcesFiltering - skip non existing resourceDirectory C:\Users\BPEMMASA\Desktop\TotalMySakilaProject\SakilaBackend\MySakilaProject\src\test\resources
2023-12-17 14:18:39,793 [Worker-114: Building] INFO  o.a.m.s.f.DefaultMavenResourcesFiltering - Copying 1 resource from src\main\resources to target\classes
2023-12-17 14:18:39,801 [Worker-114: Building] INFO  o.a.m.s.f.DefaultMavenResourcesFiltering - Copying 0 resource from src\main\resources to target\classes
2023-12-17 14:18:39,804 [Worker-114: Building] INFO  o.a.m.s.f.DefaultMavenResourcesFiltering - skip non existing resourceDirectory C:\Users\BPEMMASA\Desktop\TotalMySakilaProject\SakilaBackend\MySakilaProject\src\test\resources
2023-12-17 14:20:55,425 [Worker-105: Building] INFO  o.a.m.s.f.DefaultMavenResourcesFiltering - Copying 0 resource from src\main\resources to target\classes
2023-12-17 14:20:55,425 [Worker-105: Building] INFO  o.a.m.s.f.DefaultMavenResourcesFiltering - Copying 0 resource from src\main\resources to target\classes
2023-12-17 14:20:55,429 [Worker-105: Building] INFO  o.a.m.s.f.DefaultMavenResourcesFiltering - skip non existing resourceDirectory C:\Users\BPEMMASA\Desktop\TotalMySakilaProject\SakilaBackend\MySakilaProject\src\test\resources
2023-12-17 14:22:34,294 [Worker-114: Building] INFO  o.a.m.s.f.DefaultMavenResourcesFiltering - Copying 1 resource from src\main\resources to target\classes
2023-12-17 14:22:34,301 [Worker-114: Building] INFO  o.a.m.s.f.DefaultMavenResourcesFiltering - Copying 0 resource from src\main\resources to target\classes
2023-12-17 14:22:34,305 [Worker-114: Building] INFO  o.a.m.s.f.DefaultMavenResourcesFiltering - skip non existing resourceDirectory C:\Users\BPEMMASA\Desktop\TotalMySakilaProject\SakilaBackend\MySakilaProject\src\test\resources
2023-12-17 14:23:15,479 [Worker-54: Building] INFO  o.a.m.s.f.DefaultMavenResourcesFiltering - Copying 1 resource from src\main\resources to target\classes
2023-12-17 14:23:15,510 [Worker-54: Building] INFO  o.a.m.s.f.DefaultMavenResourcesFiltering - Copying 0 resource from src\main\resources to target\classes
2023-12-17 14:23:15,513 [Worker-54: Building] INFO  o.a.m.s.f.DefaultMavenResourcesFiltering - skip non existing resourceDirectory C:\Users\BPEMMASA\Desktop\TotalMySakilaProject\SakilaBackend\MySakilaProject\src\test\resources
2023-12-17 14:23:56,205 [Worker-117: Building] INFO  o.a.m.s.f.DefaultMavenResourcesFiltering - Copying 1 resource from src\main\resources to target\classes
2023-12-17 14:23:56,217 [Worker-117: Building] INFO  o.a.m.s.f.DefaultMavenResourcesFiltering - Copying 0 resource from src\main\resources to target\classes
2023-12-17 14:23:56,220 [Worker-117: Building] INFO  o.a.m.s.f.DefaultMavenResourcesFiltering - skip non existing resourceDirectory C:\Users\BPEMMASA\Desktop\TotalMySakilaProject\SakilaBackend\MySakilaProject\src\test\resources
2023-12-17 14:24:28,346 [Worker-105: Building] INFO  o.a.m.s.f.DefaultMavenResourcesFiltering - Copying 1 resource from src\main\resources to target\classes
2023-12-17 14:24:28,354 [Worker-105: Building] INFO  o.a.m.s.f.DefaultMavenResourcesFiltering - Copying 0 resource from src\main\resources to target\classes
2023-12-17 14:24:28,358 [Worker-105: Building] INFO  o.a.m.s.f.DefaultMavenResourcesFiltering - skip non existing resourceDirectory C:\Users\BPEMMASA\Desktop\TotalMySakilaProject\SakilaBackend\MySakilaProject\src\test\resources
2023-12-17 14:24:59,220 [Worker-116: Building] INFO  o.a.m.s.f.DefaultMavenResourcesFiltering - Copying 1 resource from src\main\resources to target\classes
2023-12-17 14:24:59,226 [Worker-116: Building] INFO  o.a.m.s.f.DefaultMavenResourcesFiltering - Copying 0 resource from src\main\resources to target\classes
2023-12-17 14:24:59,231 [Worker-116: Building] INFO  o.a.m.s.f.DefaultMavenResourcesFiltering - skip non existing resourceDirectory C:\Users\BPEMMASA\Desktop\TotalMySakilaProject\SakilaBackend\MySakilaProject\src\test\resources
2023-12-17 14:25:23,718 [Worker-115: Building] INFO  o.a.m.s.f.DefaultMavenResourcesFiltering - Copying 1 resource from src\main\resources to target\classes
2023-12-17 14:25:23,725 [Worker-115: Building] INFO  o.a.m.s.f.DefaultMavenResourcesFiltering - Copying 0 resource from src\main\resources to target\classes
2023-12-17 14:25:23,729 [Worker-115: Building] INFO  o.a.m.s.f.DefaultMavenResourcesFiltering - skip non existing resourceDirectory C:\Users\BPEMMASA\Desktop\TotalMySakilaProject\SakilaBackend\MySakilaProject\src\test\resources
2023-12-17 14:26:32,073 [Worker-116: Building] INFO  o.a.m.s.f.DefaultMavenResourcesFiltering - Copying 1 resource from src\main\resources to target\classes
2023-12-17 14:26:32,086 [Worker-116: Building] INFO  o.a.m.s.f.DefaultMavenResourcesFiltering - Copying 0 resource from src\main\resources to target\classes
2023-12-17 14:26:32,089 [Worker-116: Building] INFO  o.a.m.s.f.DefaultMavenResourcesFiltering - skip non existing resourceDirectory C:\Users\BPEMMASA\Desktop\TotalMySakilaProject\SakilaBackend\MySakilaProject\src\test\resources
2023-12-17 14:35:46,881 [Worker-121: Building] INFO  o.a.m.s.f.DefaultMavenResourcesFiltering - Copying 1 resource from src\main\resources to target\classes
2023-12-17 14:35:46,892 [Worker-121: Building] INFO  o.a.m.s.f.DefaultMavenResourcesFiltering - Copying 0 resource from src\main\resources to target\classes
2023-12-17 14:35:46,895 [Worker-121: Building] INFO  o.a.m.s.f.DefaultMavenResourcesFiltering - skip non existing resourceDirectory C:\Users\BPEMMASA\Desktop\TotalMySakilaProject\SakilaBackend\MySakilaProject\src\test\resources
2023-12-17 14:36:15,663 [Worker-124: Building] INFO  o.a.m.s.f.DefaultMavenResourcesFiltering - Copying 1 resource from src\main\resources to target\classes
2023-12-17 14:36:15,669 [Worker-124: Building] INFO  o.a.m.s.f.DefaultMavenResourcesFiltering - Copying 0 resource from src\main\resources to target\classes
2023-12-17 14:36:15,672 [Worker-124: Building] INFO  o.a.m.s.f.DefaultMavenResourcesFiltering - skip non existing resourceDirectory C:\Users\BPEMMASA\Desktop\TotalMySakilaProject\SakilaBackend\MySakilaProject\src\test\resources
2023-12-17 14:41:14,204 [Worker-120: Building] INFO  o.a.m.s.f.DefaultMavenResourcesFiltering - Copying 1 resource from src\main\resources to target\classes
2023-12-17 14:41:14,211 [Worker-120: Building] INFO  o.a.m.s.f.DefaultMavenResourcesFiltering - Copying 0 resource from src\main\resources to target\classes
2023-12-17 14:41:14,215 [Worker-120: Building] INFO  o.a.m.s.f.DefaultMavenResourcesFiltering - skip non existing resourceDirectory C:\Users\BPEMMASA\Desktop\TotalMySakilaProject\SakilaBackend\MySakilaProject\src\test\resources
2023-12-17 14:44:21,041 [Worker-127: Building] INFO  o.a.m.s.f.DefaultMavenResourcesFiltering - Copying 1 resource from src\main\resources to target\classes
2023-12-17 14:44:21,049 [Worker-127: Building] INFO  o.a.m.s.f.DefaultMavenResourcesFiltering - Copying 0 resource from src\main\resources to target\classes
2023-12-17 14:44:21,052 [Worker-127: Building] INFO  o.a.m.s.f.DefaultMavenResourcesFiltering - skip non existing resourceDirectory C:\Users\BPEMMASA\Desktop\TotalMySakilaProject\SakilaBackend\MySakilaProject\src\test\resources
2023-12-17 15:00:00,988 [Worker-123: Building] INFO  o.a.m.s.f.DefaultMavenResourcesFiltering - Copying 1 resource from src\main\resources to target\classes
2023-12-17 15:00:00,998 [Worker-123: Building] INFO  o.a.m.s.f.DefaultMavenResourcesFiltering - Copying 0 resource from src\main\resources to target\classes
2023-12-17 15:00:01,002 [Worker-123: Building] INFO  o.a.m.s.f.DefaultMavenResourcesFiltering - skip non existing resourceDirectory C:\Users\BPEMMASA\Desktop\TotalMySakilaProject\SakilaBackend\MySakilaProject\src\test\resources
2023-12-17 15:03:09,545 [Worker-138: Building] INFO  o.a.m.s.f.DefaultMavenResourcesFiltering - Copying 1 resource from src\main\resources to target\classes
2023-12-17 15:03:09,551 [Worker-138: Building] INFO  o.a.m.s.f.DefaultMavenResourcesFiltering - Copying 0 resource from src\main\resources to target\classes
2023-12-17 15:03:09,554 [Worker-138: Building] INFO  o.a.m.s.f.DefaultMavenResourcesFiltering - skip non existing resourceDirectory C:\Users\BPEMMASA\Desktop\TotalMySakilaProject\SakilaBackend\MySakilaProject\src\test\resources
2023-12-17 15:04:04,651 [Worker-134: Building] INFO  o.a.m.s.f.DefaultMavenResourcesFiltering - Copying 1 resource from src\main\resources to target\classes
2023-12-17 15:04:04,656 [Worker-134: Building] INFO  o.a.m.s.f.DefaultMavenResourcesFiltering - Copying 0 resource from src\main\resources to target\classes
2023-12-17 15:04:04,659 [Worker-134: Building] INFO  o.a.m.s.f.DefaultMavenResourcesFiltering - skip non existing resourceDirectory C:\Users\BPEMMASA\Desktop\TotalMySakilaProject\SakilaBackend\MySakilaProject\src\test\resources
2023-12-17 15:08:19,761 [Worker-139: Building] INFO  o.a.m.s.f.DefaultMavenResourcesFiltering - Copying 1 resource from src\main\resources to target\classes
2023-12-17 15:08:19,767 [Worker-139: Building] INFO  o.a.m.s.f.DefaultMavenResourcesFiltering - Copying 0 resource from src\main\resources to target\classes
2023-12-17 15:08:19,770 [Worker-139: Building] INFO  o.a.m.s.f.DefaultMavenResourcesFiltering - skip non existing resourceDirectory C:\Users\BPEMMASA\Desktop\TotalMySakilaProject\SakilaBackend\MySakilaProject\src\test\resources
2023-12-17 15:10:29,773 [Worker-123: Building] INFO  o.a.m.s.f.DefaultMavenResourcesFiltering - Copying 1 resource from src\main\resources to target\classes
2023-12-17 15:10:29,779 [Worker-123: Building] INFO  o.a.m.s.f.DefaultMavenResourcesFiltering - Copying 0 resource from src\main\resources to target\classes
2023-12-17 15:10:29,782 [Worker-123: Building] INFO  o.a.m.s.f.DefaultMavenResourcesFiltering - skip non existing resourceDirectory C:\Users\BPEMMASA\Desktop\TotalMySakilaProject\SakilaBackend\MySakilaProject\src\test\resources
2023-12-17 15:26:33,658 [Worker-144: Building] INFO  o.a.m.s.f.DefaultMavenResourcesFiltering - Copying 1 resource from src\main\resources to target\classes
2023-12-17 15:26:33,677 [Worker-144: Building] INFO  o.a.m.s.f.DefaultMavenResourcesFiltering - Copying 0 resource from src\main\resources to target\classes
2023-12-17 15:26:33,681 [Worker-144: Building] INFO  o.a.m.s.f.DefaultMavenResourcesFiltering - skip non existing resourceDirectory C:\Users\BPEMMASA\Desktop\TotalMySakilaProject\SakilaBackend\MySakilaProject\src\test\resources
2023-12-17 15:43:53,672 [Worker-150: Building] INFO  o.a.m.s.f.DefaultMavenResourcesFiltering - Copying 1 resource from src\main\resources to target\classes
2023-12-17 15:43:53,691 [Worker-150: Building] INFO  o.a.m.s.f.DefaultMavenResourcesFiltering - Copying 0 resource from src\main\resources to target\classes
2023-12-17 15:43:53,694 [Worker-150: Building] INFO  o.a.m.s.f.DefaultMavenResourcesFiltering - skip non existing resourceDirectory C:\Users\BPEMMASA\Desktop\TotalMySakilaProject\SakilaBackend\MySakilaProject\src\test\resources
2023-12-17 15:45:49,001 [Worker-159: Building] INFO  o.a.m.s.f.DefaultMavenResourcesFiltering - Copying 1 resource from src\main\resources to target\classes
2023-12-17 15:45:49,006 [Worker-159: Building] INFO  o.a.m.s.f.DefaultMavenResourcesFiltering - Copying 0 resource from src\main\resources to target\classes
2023-12-17 15:45:49,009 [Worker-159: Building] INFO  o.a.m.s.f.DefaultMavenResourcesFiltering - skip non existing resourceDirectory C:\Users\BPEMMASA\Desktop\TotalMySakilaProject\SakilaBackend\MySakilaProject\src\test\resources
